This file contains any messages produced by compilers while
running configure, to aid debugging if configure makes a mistake.

It was created by snoopy configure 2.0, which was
generated by GNU Autoconf 2.61.  Invocation command line was

  $ ./configure --with-problem=u_iii_hydro_dynamo_box_10x2x1 --enable-mpi --enable-debug

## --------- ##
## Platform. ##
## --------- ##

hostname = eduroam-90-138.kings.private.cam.ac.uk
uname -m = x86_64
uname -r = 14.5.0
uname -s = Darwin
uname -v = Darwin Kernel Version 14.5.0: Mon Jan 11 18:48:35 PST 2016; root:xnu-2782.50.2~1/RELEASE_X86_64

/usr/bin/uname -p = i386
/bin/uname -X     = unknown

/bin/arch              = unknown
/usr/bin/arch -k       = unknown
/usr/convex/getsysinfo = unknown
/usr/bin/hostinfo      = Mach kernel version:
	 Darwin Kernel Version 14.5.0: Mon Jan 11 18:48:35 PST 2016; root:xnu-2782.50.2~1/RELEASE_X86_64
Kernel configured for up to 2 processors.
2 processors are physically available.
2 processors are logically available.
Processor type: i486 (Intel 80486)
Processors active: 0 1
Primary memory available: 4.00 gigabytes
Default processor set: 214 tasks, 996 threads, 2 processors
Load average: 1.72, Mach factor: 0.46
/bin/machine           = unknown
/usr/bin/oslevel       = unknown
/bin/universe          = unknown

PATH: /usr/local/bin
PATH: /usr/bin
PATH: /bin
PATH: /usr/sbin
PATH: /sbin
PATH: /opt/X11/bin
PATH: /usr/local/mysql/bin
PATH: /usr/texbin


## ----------- ##
## Core tests. ##
## ----------- ##

configure:1773: checking for gcc
configure:1789: found /usr/bin/gcc
configure:1800: result: gcc
configure:2038: checking for C compiler version
configure:2045: gcc --version >&5
Configured with: --prefix=/Library/Developer/CommandLineTools/usr --with-gxx-include-dir=/usr/include/c++/4.2.1
Apple LLVM version 7.0.2 (clang-700.1.81)
Target: x86_64-apple-darwin14.5.0
Thread model: posix
configure:2048: $? = 0
configure:2055: gcc -v >&5
Configured with: --prefix=/Library/Developer/CommandLineTools/usr --with-gxx-include-dir=/usr/include/c++/4.2.1
Apple LLVM version 7.0.2 (clang-700.1.81)
Target: x86_64-apple-darwin14.5.0
Thread model: posix
configure:2058: $? = 0
configure:2065: gcc -V >&5
clang: error: argument to '-V' is missing (expected 1 value)
clang: error: no input files
configure:2068: $? = 1
configure:2091: checking for C compiler default output file name
configure:2118: gcc    conftest.c  >&5
configure:2121: $? = 0
configure:2159: result: a.out
configure:2176: checking whether the C compiler works
configure:2186: ./a.out
configure:2189: $? = 0
configure:2206: result: yes
configure:2213: checking whether we are cross compiling
configure:2215: result: no
configure:2218: checking for suffix of executables
configure:2225: gcc -o conftest    conftest.c  >&5
configure:2228: $? = 0
configure:2252: result: 
configure:2258: checking for suffix of object files
configure:2284: gcc -c   conftest.c >&5
configure:2287: $? = 0
configure:2310: result: o
configure:2314: checking whether we are using the GNU C compiler
configure:2343: gcc -c   conftest.c >&5
configure:2349: $? = 0
configure:2366: result: yes
configure:2371: checking whether gcc accepts -g
configure:2401: gcc -c -g  conftest.c >&5
configure:2407: $? = 0
configure:2506: result: yes
configure:2523: checking for gcc option to accept ISO C89
configure:2597: gcc  -c -g -O2  conftest.c >&5
configure:2603: $? = 0
configure:2626: result: none needed
configure:2660: checking how to run the C preprocessor
configure:2700: gcc -E  conftest.c
configure:2706: $? = 0
configure:2737: gcc -E  conftest.c
conftest.c:8:10: fatal error: 'ac_nonexistent.h' file not found
#include <ac_nonexistent.h>
         ^
1 error generated.
configure:2743: $? = 1
configure: failed program was:
| /* confdefs.h.  */
| #define PACKAGE_NAME "snoopy"
| #define PACKAGE_TARNAME "snoopy"
| #define PACKAGE_VERSION "2.0"
| #define PACKAGE_STRING "snoopy 2.0"
| #define PACKAGE_BUGREPORT ""
| /* end confdefs.h.  */
| #include <ac_nonexistent.h>
configure:2776: result: gcc -E
configure:2805: gcc -E  conftest.c
configure:2811: $? = 0
configure:2842: gcc -E  conftest.c
conftest.c:8:10: fatal error: 'ac_nonexistent.h' file not found
#include <ac_nonexistent.h>
         ^
1 error generated.
configure:2848: $? = 1
configure: failed program was:
| /* confdefs.h.  */
| #define PACKAGE_NAME "snoopy"
| #define PACKAGE_TARNAME "snoopy"
| #define PACKAGE_VERSION "2.0"
| #define PACKAGE_STRING "snoopy 2.0"
| #define PACKAGE_BUGREPORT ""
| /* end confdefs.h.  */
| #include <ac_nonexistent.h>
configure:2886: checking for grep that handles long lines and -e
configure:2960: result: /usr/bin/grep
configure:2965: checking for egrep
configure:3043: result: /usr/bin/grep -E
configure:3048: checking for ANSI C header files
configure:3078: gcc -c -g -O2  conftest.c >&5
configure:3084: $? = 0
configure:3183: gcc -o conftest -g -O2   conftest.c  >&5
configure:3186: $? = 0
configure:3192: ./conftest
configure:3195: $? = 0
configure:3212: result: yes
configure:3236: checking for sys/types.h
configure:3257: gcc -c -g -O2  conftest.c >&5
configure:3263: $? = 0
configure:3279: result: yes
configure:3236: checking for sys/stat.h
configure:3257: gcc -c -g -O2  conftest.c >&5
configure:3263: $? = 0
configure:3279: result: yes
configure:3236: checking for stdlib.h
configure:3257: gcc -c -g -O2  conftest.c >&5
configure:3263: $? = 0
configure:3279: result: yes
configure:3236: checking for string.h
configure:3257: gcc -c -g -O2  conftest.c >&5
configure:3263: $? = 0
configure:3279: result: yes
configure:3236: checking for memory.h
configure:3257: gcc -c -g -O2  conftest.c >&5
configure:3263: $? = 0
configure:3279: result: yes
configure:3236: checking for strings.h
configure:3257: gcc -c -g -O2  conftest.c >&5
configure:3263: $? = 0
configure:3279: result: yes
configure:3236: checking for inttypes.h
configure:3257: gcc -c -g -O2  conftest.c >&5
configure:3263: $? = 0
configure:3279: result: yes
configure:3236: checking for stdint.h
configure:3257: gcc -c -g -O2  conftest.c >&5
configure:3263: $? = 0
configure:3279: result: yes
configure:3236: checking for unistd.h
configure:3257: gcc -c -g -O2  conftest.c >&5
configure:3263: $? = 0
configure:3279: result: yes
configure:3296: checking for stdlib.h
configure:3302: result: yes
configure:3446: checking math.h usability
configure:3463: gcc -c -g -O2  conftest.c >&5
configure:3469: $? = 0
configure:3483: result: yes
configure:3487: checking math.h presence
configure:3502: gcc -E  conftest.c
configure:3508: $? = 0
configure:3522: result: yes
configure:3550: checking for math.h
configure:3558: result: yes
configure:3586: checking complex.h usability
configure:3603: gcc -c -g -O2  conftest.c >&5
configure:3609: $? = 0
configure:3623: result: yes
configure:3627: checking complex.h presence
configure:3642: gcc -E  conftest.c
configure:3648: $? = 0
configure:3662: result: yes
configure:3690: checking for complex.h
configure:3698: result: yes
configure:3721: checking for C compiler vendor
configure:3755: gcc -c -g -O2  conftest.c >&5
conftest.c:27:7: error: use of undeclared identifier 'thisisanerror'
      thisisanerror;
      ^
1 error generated.
configure:3761: $? = 1
configure: failed program was:
| /* confdefs.h.  */
| #define PACKAGE_NAME "snoopy"
| #define PACKAGE_TARNAME "snoopy"
| #define PACKAGE_VERSION "2.0"
| #define PACKAGE_STRING "snoopy 2.0"
| #define PACKAGE_BUGREPORT ""
| #define STDC_HEADERS 1
| #define HAVE_SYS_TYPES_H 1
| #define HAVE_SYS_STAT_H 1
| #define HAVE_STDLIB_H 1
| #define HAVE_STRING_H 1
| #define HAVE_MEMORY_H 1
| #define HAVE_STRINGS_H 1
| #define HAVE_INTTYPES_H 1
| #define HAVE_STDINT_H 1
| #define HAVE_UNISTD_H 1
| #define HAVE_STDLIB_H 1
| #define HAVE_MATH_H 1
| #define HAVE_COMPLEX_H 1
| /* end confdefs.h.  */
| 
| int
| main ()
| {
| 
| #if !(defined(__ICC) || defined(__ECC) || defined(__INTEL_COMPILER))
|       thisisanerror;
| #endif
| 
|   ;
|   return 0;
| }
configure:3755: gcc -c -g -O2  conftest.c >&5
conftest.c:27:7: error: use of undeclared identifier 'thisisanerror'
      thisisanerror;
      ^
1 error generated.
configure:3761: $? = 1
configure: failed program was:
| /* confdefs.h.  */
| #define PACKAGE_NAME "snoopy"
| #define PACKAGE_TARNAME "snoopy"
| #define PACKAGE_VERSION "2.0"
| #define PACKAGE_STRING "snoopy 2.0"
| #define PACKAGE_BUGREPORT ""
| #define STDC_HEADERS 1
| #define HAVE_SYS_TYPES_H 1
| #define HAVE_SYS_STAT_H 1
| #define HAVE_STDLIB_H 1
| #define HAVE_STRING_H 1
| #define HAVE_MEMORY_H 1
| #define HAVE_STRINGS_H 1
| #define HAVE_INTTYPES_H 1
| #define HAVE_STDINT_H 1
| #define HAVE_UNISTD_H 1
| #define HAVE_STDLIB_H 1
| #define HAVE_MATH_H 1
| #define HAVE_COMPLEX_H 1
| /* end confdefs.h.  */
| 
| int
| main ()
| {
| 
| #if !(defined(__xlc__) || defined(__xlC__) || defined(__IBMC__) || defined(__IBMCPP__))
|       thisisanerror;
| #endif
| 
|   ;
|   return 0;
| }
configure:3755: gcc -c -g -O2  conftest.c >&5
conftest.c:27:7: error: use of undeclared identifier 'thisisanerror'
      thisisanerror;
      ^
1 error generated.
configure:3761: $? = 1
configure: failed program was:
| /* confdefs.h.  */
| #define PACKAGE_NAME "snoopy"
| #define PACKAGE_TARNAME "snoopy"
| #define PACKAGE_VERSION "2.0"
| #define PACKAGE_STRING "snoopy 2.0"
| #define PACKAGE_BUGREPORT ""
| #define STDC_HEADERS 1
| #define HAVE_SYS_TYPES_H 1
| #define HAVE_SYS_STAT_H 1
| #define HAVE_STDLIB_H 1
| #define HAVE_STRING_H 1
| #define HAVE_MEMORY_H 1
| #define HAVE_STRINGS_H 1
| #define HAVE_INTTYPES_H 1
| #define HAVE_STDINT_H 1
| #define HAVE_UNISTD_H 1
| #define HAVE_STDLIB_H 1
| #define HAVE_MATH_H 1
| #define HAVE_COMPLEX_H 1
| /* end confdefs.h.  */
| 
| int
| main ()
| {
| 
| #if !(defined(__PATHCC__) || defined(__PATHSCALE__))
|       thisisanerror;
| #endif
| 
|   ;
|   return 0;
| }
configure:3755: gcc -c -g -O2  conftest.c >&5
configure:3761: $? = 0
configure:3778: result: gnu
configure:3818: checking build system type
configure:3836: result: i386-apple-darwin14.5.0
configure:3858: checking host system type
configure:3873: result: i386-apple-darwin14.5.0
configure:4329: checking whether C compiler accepts -malign-double
configure:4358: gcc -c -malign-double  conftest.c >&5
clang: error: unknown argument: '-malign-double'
configure:4364: $? = 1
configure: failed program was:
| /* confdefs.h.  */
| #define PACKAGE_NAME "snoopy"
| #define PACKAGE_TARNAME "snoopy"
| #define PACKAGE_VERSION "2.0"
| #define PACKAGE_STRING "snoopy 2.0"
| #define PACKAGE_BUGREPORT ""
| #define STDC_HEADERS 1
| #define HAVE_SYS_TYPES_H 1
| #define HAVE_SYS_STAT_H 1
| #define HAVE_STDLIB_H 1
| #define HAVE_STRING_H 1
| #define HAVE_MEMORY_H 1
| #define HAVE_STRINGS_H 1
| #define HAVE_INTTYPES_H 1
| #define HAVE_STDINT_H 1
| #define HAVE_UNISTD_H 1
| #define HAVE_STDLIB_H 1
| #define HAVE_MATH_H 1
| #define HAVE_COMPLEX_H 1
| /* end confdefs.h.  */
| 
| int
| main ()
| {
| 
|   ;
|   return 0;
| }
configure:4382: result: no
configure:4392: checking whether C compiler accepts -fstrict-aliasing
configure:4421: gcc -c -fstrict-aliasing  conftest.c >&5
configure:4427: $? = 0
configure:4445: result: yes
configure:4455: checking whether C compiler accepts -ffast-math
configure:4484: gcc -c -ffast-math  conftest.c >&5
configure:4490: $? = 0
configure:4508: result: yes
configure:4529: checking for gcc architecture flag
configure:4531: result: 
configure:4553: checking for x86 cpuid 0 output
configure:4592: gcc -o conftest -O3 -fomit-frame-pointer -fstrict-aliasing -ffast-math   conftest.c  >&5
configure:4595: $? = 0
configure:4601: ./conftest
configure:4604: $? = 0
configure:4620: result: d:756e6547:6c65746e:49656e69
configure:4636: checking for x86 cpuid 1 output
configure:4675: gcc -o conftest -O3 -fomit-frame-pointer -fstrict-aliasing -ffast-math   conftest.c  >&5
configure:4678: $? = 0
configure:4684: ./conftest
configure:4687: $? = 0
configure:4703: result: 1067a:20800:408e3fd:bfebfbff
configure:4949: checking whether C compiler accepts -march=pentium3
configure:4974: gcc -c -march=pentium3  conftest.c >&5
error: unknown target CPU 'pentium3'
configure:4980: $? = 1
configure: failed program was:
| /* confdefs.h.  */
| #define PACKAGE_NAME "snoopy"
| #define PACKAGE_TARNAME "snoopy"
| #define PACKAGE_VERSION "2.0"
| #define PACKAGE_STRING "snoopy 2.0"
| #define PACKAGE_BUGREPORT ""
| #define STDC_HEADERS 1
| #define HAVE_SYS_TYPES_H 1
| #define HAVE_SYS_STAT_H 1
| #define HAVE_STDLIB_H 1
| #define HAVE_STRING_H 1
| #define HAVE_MEMORY_H 1
| #define HAVE_STRINGS_H 1
| #define HAVE_INTTYPES_H 1
| #define HAVE_STDINT_H 1
| #define HAVE_UNISTD_H 1
| #define HAVE_STDLIB_H 1
| #define HAVE_MATH_H 1
| #define HAVE_COMPLEX_H 1
| /* end confdefs.h.  */
| 
| int
| main ()
| {
| 
|   ;
|   return 0;
| }
configure:4996: result: no
configure:4949: checking whether C compiler accepts -mcpu=pentium3
configure:4974: gcc -c -mcpu=pentium3  conftest.c >&5
clang: warning: argument unused during compilation: '-mcpu=pentium3'
configure:4980: $? = 0
configure:4996: result: yes
configure:5013: checking for gcc architecture flag
configure:5015: result: -mcpu=pentium3
configure:5037: checking whether C compiler accepts -O3 -fomit-frame-pointer -fstrict-aliasing -ffast-math -mcpu=pentium3
configure:5062: gcc -c -O3 -fomit-frame-pointer -fstrict-aliasing -ffast-math -mcpu=pentium3  conftest.c >&5
clang: warning: argument unused during compilation: '-mcpu=pentium3'
configure:5068: $? = 0
configure:5084: result: yes
configure:5122: checking for cexp in -lm
configure:5157: gcc -o conftest -O3 -fomit-frame-pointer -fstrict-aliasing -ffast-math -mcpu=pentium3   conftest.c -lm   >&5
conftest.c:28:6: warning: incompatible redeclaration of library function 'cexp' [-Wincompatible-library-redeclaration]
char cexp ();
     ^
conftest.c:28:6: note: 'cexp' is a builtin with type '_Complex double (_Complex double)'
1 warning generated.
configure:5163: $? = 0
configure:5181: result: yes
configure:5218: checking fftw3.h usability
configure:5235: gcc -c -O3 -fomit-frame-pointer -fstrict-aliasing -ffast-math -mcpu=pentium3  conftest.c >&5
clang: warning: argument unused during compilation: '-mcpu=pentium3'
conftest.c:55:10: fatal error: 'fftw3.h' file not found
#include <fftw3.h>
         ^
1 error generated.
configure:5241: $? = 1
configure: failed program was:
| /* confdefs.h.  */
| #define PACKAGE_NAME "snoopy"
| #define PACKAGE_TARNAME "snoopy"
| #define PACKAGE_VERSION "2.0"
| #define PACKAGE_STRING "snoopy 2.0"
| #define PACKAGE_BUGREPORT ""
| #define STDC_HEADERS 1
| #define HAVE_SYS_TYPES_H 1
| #define HAVE_SYS_STAT_H 1
| #define HAVE_STDLIB_H 1
| #define HAVE_STRING_H 1
| #define HAVE_MEMORY_H 1
| #define HAVE_STRINGS_H 1
| #define HAVE_INTTYPES_H 1
| #define HAVE_STDINT_H 1
| #define HAVE_UNISTD_H 1
| #define HAVE_STDLIB_H 1
| #define HAVE_MATH_H 1
| #define HAVE_COMPLEX_H 1
| #define HAVE_LIBM 1
| /* end confdefs.h.  */
| #include <stdio.h>
| #ifdef HAVE_SYS_TYPES_H
| # include <sys/types.h>
| #endif
| #ifdef HAVE_SYS_STAT_H
| # include <sys/stat.h>
| #endif
| #ifdef STDC_HEADERS
| # include <stdlib.h>
| # include <stddef.h>
| #else
| # ifdef HAVE_STDLIB_H
| #  include <stdlib.h>
| # endif
| #endif
| #ifdef HAVE_STRING_H
| # if !defined STDC_HEADERS && defined HAVE_MEMORY_H
| #  include <memory.h>
| # endif
| # include <string.h>
| #endif
| #ifdef HAVE_STRINGS_H
| # include <strings.h>
| #endif
| #ifdef HAVE_INTTYPES_H
| # include <inttypes.h>
| #endif
| #ifdef HAVE_STDINT_H
| # include <stdint.h>
| #endif
| #ifdef HAVE_UNISTD_H
| # include <unistd.h>
| #endif
| #include <fftw3.h>
configure:5255: result: no
configure:5259: checking fftw3.h presence
configure:5274: gcc -E  conftest.c
conftest.c:22:10: fatal error: 'fftw3.h' file not found
#include <fftw3.h>
         ^
1 error generated.
configure:5280: $? = 1
configure: failed program was:
| /* confdefs.h.  */
| #define PACKAGE_NAME "snoopy"
| #define PACKAGE_TARNAME "snoopy"
| #define PACKAGE_VERSION "2.0"
| #define PACKAGE_STRING "snoopy 2.0"
| #define PACKAGE_BUGREPORT ""
| #define STDC_HEADERS 1
| #define HAVE_SYS_TYPES_H 1
| #define HAVE_SYS_STAT_H 1
| #define HAVE_STDLIB_H 1
| #define HAVE_STRING_H 1
| #define HAVE_MEMORY_H 1
| #define HAVE_STRINGS_H 1
| #define HAVE_INTTYPES_H 1
| #define HAVE_STDINT_H 1
| #define HAVE_UNISTD_H 1
| #define HAVE_STDLIB_H 1
| #define HAVE_MATH_H 1
| #define HAVE_COMPLEX_H 1
| #define HAVE_LIBM 1
| /* end confdefs.h.  */
| #include <fftw3.h>
configure:5294: result: no
configure:5322: checking for fftw3.h
configure:5330: result: no

## ---------------- ##
## Cache variables. ##
## ---------------- ##

ac_cv_build=i386-apple-darwin14.5.0
ac_cv_c_compiler_gnu=yes
ac_cv_env_CC_set=
ac_cv_env_CC_value=
ac_cv_env_CFLAGS_set=
ac_cv_env_CFLAGS_value=
ac_cv_env_CPPFLAGS_set=
ac_cv_env_CPPFLAGS_value=
ac_cv_env_CPP_set=
ac_cv_env_CPP_value=
ac_cv_env_LDFLAGS_set=
ac_cv_env_LDFLAGS_value=
ac_cv_env_LIBS_set=
ac_cv_env_LIBS_value=
ac_cv_env_MPICC_set=
ac_cv_env_MPICC_value=
ac_cv_env_build_alias_set=
ac_cv_env_build_alias_value=
ac_cv_env_host_alias_set=
ac_cv_env_host_alias_value=
ac_cv_env_target_alias_set=
ac_cv_env_target_alias_value=
ac_cv_header_complex_h=yes
ac_cv_header_fftw3_h=no
ac_cv_header_inttypes_h=yes
ac_cv_header_math_h=yes
ac_cv_header_memory_h=yes
ac_cv_header_stdc=yes
ac_cv_header_stdint_h=yes
ac_cv_header_stdlib_h=yes
ac_cv_header_string_h=yes
ac_cv_header_strings_h=yes
ac_cv_header_sys_stat_h=yes
ac_cv_header_sys_types_h=yes
ac_cv_header_unistd_h=yes
ac_cv_host=i386-apple-darwin14.5.0
ac_cv_lib_m_cexp=yes
ac_cv_objext=o
ac_cv_path_EGREP='/usr/bin/grep -E'
ac_cv_path_GREP=/usr/bin/grep
ac_cv_prog_CPP='gcc -E'
ac_cv_prog_ac_ct_CC=gcc
ac_cv_prog_cc_c89=
ac_cv_prog_cc_g=yes
ax_cv_c_compiler_vendor=gnu
ax_cv_c_flags__O3__fomit_frame_pointer__fstrict_aliasing__ffast_math__mcpu_pentium3=yes
ax_cv_c_flags__ffast_math=yes
ax_cv_c_flags__fstrict_aliasing=yes
ax_cv_c_flags__malign_double=no
ax_cv_c_flags__march_pentium3=no
ax_cv_c_flags__mcpu_pentium3=yes
ax_cv_gcc_archflag=-mcpu=pentium3
ax_cv_gcc_x86_cpuid_0=d:756e6547:6c65746e:49656e69
ax_cv_gcc_x86_cpuid_1=1067a:20800:408e3fd:bfebfbff

## ----------------- ##
## Output variables. ##
## ----------------- ##

CC='gcc'
CFLAGS='-O3 -fomit-frame-pointer -fstrict-aliasing -ffast-math -mcpu=pentium3'
CFLAGS_DEBUG='-g -O2'
CPP='gcc -E'
CPPFLAGS=''
DEBUG_ACTIVE=''
DEFS=''
ECHO_C='ECHO_N=''
ECHO_T=''
EGREP='/usr/bin/grep -E'
EXEEXT=''
FFTW_MPI_ACTIVE=''
GREP='/usr/bin/grep'
LDFLAGS=''
LDFLAGS_DEBUG=''
LIBOBJS=''
LIBS='-lm '
LTLIBOBJS=''
MPICC=''
MPILIBS=''
MPI_ACTIVE=''
OBJEXT='o'
OPENMP_ACTIVE=''
OPENMP_CFLAGS=''
PACKAGE_BUGREPORT=''
PACKAGE_NAME='snoopy'
PACKAGE_STRING='snoopy 2.0'
PACKAGE_TARNAME='snoopy'
PACKAGE_VERSION='2.0'
PATH_SEPARATOR=':'
PRTDIAG=''
SHELL='/bin/sh'
WARNING1=''
WARNING2=''
ac_ct_CC='gcc'
bindir='${exec_prefix}/bin'
build='i386-apple-darwin14.5.0'
build_alias=''
build_cpu='i386'
build_os='darwin14.5.0'
build_vendor='apple'
datadir='${datarootdir}'
datarootdir='${prefix}/share'
docdir='${datarootdir}/doc/${PACKAGE_TARNAME}'
dvidir='${docdir}'
exec_prefix='NONE'
host='i386-apple-darwin14.5.0'
host_alias=''
host_cpu='i386'
host_os='darwin14.5.0'
host_vendor='apple'
htmldir='${docdir}'
includedir='${prefix}/include'
infodir='${datarootdir}/info'
libdir='${exec_prefix}/lib'
libexecdir='${exec_prefix}/libexec'
localedir='${datarootdir}/locale'
localstatedir='${prefix}/var'
mandir='${datarootdir}/man'
oldincludedir='/usr/include'
pdfdir='${docdir}'
prefix='NONE'
program_transform_name='s,x,x,'
psdir='${docdir}'
sbindir='${exec_prefix}/sbin'
sharedstatedir='${prefix}/com'
sysconfdir='${prefix}/etc'
target_alias=''

## ----------- ##
## confdefs.h. ##
## ----------- ##

#define PACKAGE_NAME "snoopy"
#define PACKAGE_TARNAME "snoopy"
#define PACKAGE_VERSION "2.0"
#define PACKAGE_STRING "snoopy 2.0"
#define PACKAGE_BUGREPORT ""
#define STDC_HEADERS 1
#define HAVE_SYS_TYPES_H 1
#define HAVE_SYS_STAT_H 1
#define HAVE_STDLIB_H 1
#define HAVE_STRING_H 1
#define HAVE_MEMORY_H 1
#define HAVE_STRINGS_H 1
#define HAVE_INTTYPES_H 1
#define HAVE_STDINT_H 1
#define HAVE_UNISTD_H 1
#define HAVE_STDLIB_H 1
#define HAVE_MATH_H 1
#define HAVE_COMPLEX_H 1
#define HAVE_LIBM 1

configure: exit 255
